CONDA
raven_libraries       *  /Users/talbpw/anaconda3/envs/raven_libraries
Running RAVEN in "opt" mode.
Loading plugin "PRAplugin" at /Users/talbpw/projects/raven/plugins/PRAplugin
 ... successfully imported "PRAplugin" ...
Loading plugin "ExamplePlugin" at /Users/talbpw/projects/raven/plugins/ExamplePlugin
 ... successfully imported "ExamplePlugin" ...
Loading plugin "CashFlow" at /Users/talbpw/projects/CashFlow
 ... successfully imported "CashFlow" ...
Loading plugin "heron" at /Users/talbpw/projects/heron
 ... successfully imported "heron" ...

~~~~~~~~~~~~~~~~~~~~~~~~~~~~~~~~~~~~~~~~~~~~~~~~~~~~~~~~~~~~~~~~~~~~~~~~~~~~~~~~

      .---.        .------######       #####     ###   ###  ########  ###    ###
     /     \  __  /    --###  ###    ###  ###   ###   ###  ###       #####  ###
    / /     \(  )/    --###  ###    ###   ###  ###   ###  ######    ### ######
   //////   ' \/ `   --#######     #########  ###   ###  ###       ###  #####
  //// / // :    :   -###   ###   ###   ###    ######   ####      ###   ####
 // /   /  /`    '---###    ###  ###   ###      ###    ########  ###    ###
//          //..\
===========UU====UU=============================================================
           '//||\`
             ''``
    

Copyright 2017 Battelle Energy Alliance, LLC

Licensed under the Apache License, Version 2.0 (the "License");
you may not use this file except in compliance with the License.
You may obtain a copy of the License at

http://www.apache.org/licenses/LICENSE-2.0

Unless required by applicable law or agreed to in writing, software
distributed under the License is distributed on an "AS IS" BASIS,
WITHOUT WARRANTIES OR CONDITIONS OF ANY KIND, either express or implied.
See the License for the specific language governing permissions and
limitations under the License.
  
RAVEN Python dependencies located and checked.
(    2.06 sec) SIMULATION               : Message         -> Simulation started at 2020-05-07 15:48:21
(    2.06 sec) SIMULATION               : Message         -> Global verbosity level is " debug "
(    2.06 sec) VariableGroup            : DEBUG           -> Variable group "GRO_interp" includes: stepwise
(    2.06 sec) VariableGroup            : DEBUG           -> Variable group "GRO_final_return" includes: mean_NPV,std_NPV,med_NPV,max_NPV,min_NPV,perc_5_NPV,perc_95_NPV,samp_NPV,var_NPV
(    2.06 sec) VariableGroup            : DEBUG           -> Variable group "GRO_armasamples_out_scalar" includes: NPV
(    2.07 sec) VariableGroup            : DEBUG           -> Variable group "GRO_armasamples_out" includes: NPV,GRO_armasamples_out_Time
(    2.07 sec) VariableGroup            : DEBUG           -> Variable group "GRO_capacities" includes: BOP_capacity,Electric_Grid_capacity
(    2.07 sec) VariableGroup            : DEBUG           -> Variable group "GRO_means" includes: Dispatch__BOP__electricity,Dispatch__Electric_Grid__electricity
(    2.07 sec) VariableGroup            : DEBUG           -> Variable group "GRO_init_disp" includes: Dispatch__BOP__electricity,Dispatch__Electric_Grid__electricity
(    2.07 sec) VariableGroup            : DEBUG           -> Variable group "GRO_armasamples_out_Time" includes: Dispatch__BOP__electricity,Dispatch__Electric_Grid__electricity
(    2.07 sec) VariableGroup            : DEBUG           -> Variable group "GRO_armasamples_out" includes: NPV,Dispatch__BOP__electricity,Dispatch__Electric_Grid__electricity
(    2.07 sec) VariableGroup            : DEBUG           -> Variable group "GRO_dispatch_out_Time" includes: Dispatch__BOP__electricity,Dispatch__Electric_Grid__electricity
(    2.07 sec) VariableGroup            : DEBUG           -> Variable group "GRO_dispatch_out" includes: Dispatch__BOP__electricity,Dispatch__Electric_Grid__electricity
(    2.07 sec) VariableGroup            : DEBUG           -> Variable group "GRO_dispatch_in_Time" includes: Signal
(    2.07 sec) VariableGroup            : DEBUG           -> Variable group "GRO_armasamples_in_scalar" includes: scaling,time_delta,BOP_capacity,Electric_Grid_capacity
(    2.07 sec) VariableGroup            : DEBUG           -> Variable group "GRO_armasamples_in" includes: scaling,time_delta,BOP_capacity,Electric_Grid_capacity
(    2.07 sec) VariableGroup            : DEBUG           -> Variable group "GRO_armasamples" includes: scaling,time_delta,BOP_capacity,Electric_Grid_capacity,NPV,Dispatch__BOP__electricity,Dispatch__Electric_Grid__electricity
(    2.07 sec) VariableGroup            : DEBUG           -> Variable group "GRO_dispatch_in_scalar" includes: BOP_capacity,Electric_Grid_capacity,scaling
(    2.07 sec) VariableGroup            : DEBUG           -> Variable group "GRO_dispatch_in" includes: BOP_capacity,Electric_Grid_capacity,scaling,Signal
(    2.07 sec) VariableGroup            : DEBUG           -> Variable group "GRO_dispatch" includes: BOP_capacity,Electric_Grid_capacity,scaling,Signal,Dispatch__BOP__electricity,Dispatch__Electric_Grid__electricity,Time,ClusterTime,Year,Cluster
(    2.07 sec) SIMULATION               : DEBUG           -> -- Reading the block: RunInfo        --
(    2.07 sec) SIMULATION               : DEBUG           -> -- Reading the block: Steps          --
(    2.07 sec) SIMULATION               : DEBUG           -> Reading type MultiRun with name arma_sampling
(    2.07 sec) STEP MULTIRUN            : DEBUG           -> move this tests to base class when it is ready for all the classes
(    2.07 sec) STEP MULTIRUN            : DEBUG           -> the mapping used in the model for checking the compatibility of usage should be more similar to self.parList to avoid the double mapping below FIXME
(    2.07 sec) STEP MULTIRUN            : DEBUG           -> reactivate check on Input as soon as loadCsv gets out from the PostProcessor models!
(    2.07 sec) STEP MULTIRUN            : DEBUG           -> ------Reading Completed for:
(    2.07 sec) STEP MULTIRUN            : DEBUG           ->        Class          : MultiRun        from <class 'Steps.SingleRun'>
(    2.07 sec) STEP MULTIRUN            : DEBUG           ->        Type           : MultiRun
(    2.07 sec) STEP MULTIRUN            : DEBUG           ->        Name           : arma_sampling
(    2.07 sec) STEP MULTIRUN            : DEBUG           ->        Initialization Parameters:
(    2.07 sec) STEP MULTIRUN            : DEBUG           ->        Sleep time     : 0.005
(    2.07 sec) STEP MULTIRUN            : DEBUG           ->        Initial seed   : None
(    2.07 sec) STEP MULTIRUN            : DEBUG           ->        Input          : Class: DataObjects Type: PointSet  Global name: dispatch_placeholder
(    2.07 sec) STEP MULTIRUN            : DEBUG           ->        Model          : Class: Models Type: EnsembleModel  Global name: sample_and_dispatch
(    2.07 sec) STEP MULTIRUN            : DEBUG           ->        Sampler        : Class: Samplers Type: MonteCarlo  Global name: mc_arma_dispatch
(    2.07 sec) STEP MULTIRUN            : DEBUG           ->        Output         : Class: DataObjects Type: DataSet  Global name: arma_metrics
(    2.07 sec) STEP MULTIRUN            : DEBUG           ->        Current Setting:
(    2.07 sec) SIMULATION               : DEBUG           -> Reading type PostProcess with name summarize
(    2.07 sec) STEP SINGLERUN           : DEBUG           -> move this tests to base class when it is ready for all the classes
(    2.07 sec) STEP SINGLERUN           : DEBUG           -> the mapping used in the model for checking the compatibility of usage should be more similar to self.parList to avoid the double mapping below FIXME
(    2.07 sec) STEP SINGLERUN           : DEBUG           -> reactivate check on Input as soon as loadCsv gets out from the PostProcessor models!
(    2.07 sec) STEP SINGLERUN           : DEBUG           -> ------Reading Completed for:
(    2.07 sec) STEP SINGLERUN           : DEBUG           ->        Class          : PostProcess     from <class 'Steps.SingleRun'>
(    2.07 sec) STEP SINGLERUN           : DEBUG           ->        Type           : PostProcess
(    2.07 sec) STEP SINGLERUN           : DEBUG           ->        Name           : summarize
(    2.07 sec) STEP SINGLERUN           : DEBUG           ->        Initialization Parameters:
(    2.07 sec) STEP SINGLERUN           : DEBUG           ->        Sleep time     : 0.005
(    2.07 sec) STEP SINGLERUN           : DEBUG           ->        Initial seed   : None
(    2.07 sec) STEP SINGLERUN           : DEBUG           ->        Input          : Class: DataObjects Type: PointSet  Global name: arma_metrics
(    2.07 sec) STEP SINGLERUN           : DEBUG           ->        Model          : Class: Models Type: PostProcessor  Global name: average
(    2.07 sec) STEP SINGLERUN           : DEBUG           ->        Output         : Class: OutStreams Type: Print  Global name: disp_results
(    2.07 sec) STEP SINGLERUN           : DEBUG           ->        Current Setting:
(    2.07 sec) SIMULATION               : DEBUG           -> Reading type IOStep with name debug_print
(    2.07 sec) STEP IOCOMBINED          : DEBUG           -> move this tests to base class when it is ready for all the classes
(    2.07 sec) STEP IOCOMBINED          : DEBUG           -> ------Reading Completed for:
(    2.07 sec) STEP IOCOMBINED          : DEBUG           ->        Class          : IOStep          from <class 'Steps.Step'>
(    2.07 sec) STEP IOCOMBINED          : DEBUG           ->        Type           : IOStep
(    2.07 sec) STEP IOCOMBINED          : DEBUG           ->        Name           : debug_print
(    2.07 sec) STEP IOCOMBINED          : DEBUG           ->        Initialization Parameters:
(    2.07 sec) STEP IOCOMBINED          : DEBUG           ->        Sleep time     : 0.005
(    2.07 sec) STEP IOCOMBINED          : DEBUG           ->        Initial seed   : None
(    2.07 sec) STEP IOCOMBINED          : DEBUG           ->        Input          : Class: DataObjects Type: PointSet  Global name: arma_samples
(    2.07 sec) STEP IOCOMBINED          : DEBUG           ->        Output         : Class: OutStreams Type: Print  Global name: disp_debug
(    2.07 sec) STEP IOCOMBINED          : DEBUG           ->        Current Setting:
(    2.07 sec) SIMULATION               : DEBUG           -> Reading type IOStep with name read_Speed
(    2.07 sec) STEP IOCOMBINED          : DEBUG           -> move this tests to base class when it is ready for all the classes
(    2.07 sec) STEP IOCOMBINED          : DEBUG           -> ------Reading Completed for:
(    2.07 sec) STEP IOCOMBINED          : DEBUG           ->        Class          : IOStep          from <class 'Steps.Step'>
(    2.07 sec) STEP IOCOMBINED          : DEBUG           ->        Type           : IOStep
(    2.07 sec) STEP IOCOMBINED          : DEBUG           ->        Name           : read_Speed
(    2.07 sec) STEP IOCOMBINED          : DEBUG           ->        Initialization Parameters:
(    2.07 sec) STEP IOCOMBINED          : DEBUG           ->        Sleep time     : 0.005
(    2.07 sec) STEP IOCOMBINED          : DEBUG           ->        Initial seed   : None
(    2.07 sec) STEP IOCOMBINED          : DEBUG           ->        Input          : Class: Files Type:   Global name: /ARMA/interpolated.pk
(    2.07 sec) STEP IOCOMBINED          : DEBUG           ->        Output         : Class: Models Type: ROM  Global name: Speed
(    2.07 sec) STEP IOCOMBINED          : DEBUG           ->        Current Setting:
(    2.07 sec) SIMULATION               : DEBUG           -> Reading type IOStep with name print_meta_Speed
(    2.07 sec) STEP IOCOMBINED          : DEBUG           -> move this tests to base class when it is ready for all the classes
(    2.07 sec) STEP IOCOMBINED          : DEBUG           -> ------Reading Completed for:
(    2.07 sec) STEP IOCOMBINED          : DEBUG           ->        Class          : IOStep          from <class 'Steps.Step'>
(    2.07 sec) STEP IOCOMBINED          : DEBUG           ->        Type           : IOStep
(    2.07 sec) STEP IOCOMBINED          : DEBUG           ->        Name           : print_meta_Speed
(    2.07 sec) STEP IOCOMBINED          : DEBUG           ->        Initialization Parameters:
(    2.07 sec) STEP IOCOMBINED          : DEBUG           ->        Sleep time     : 0.005
(    2.07 sec) STEP IOCOMBINED          : DEBUG           ->        Initial seed   : None
(    2.07 sec) STEP IOCOMBINED          : DEBUG           ->        Input          : Class: Models Type: ROM  Global name: Speed
(    2.07 sec) STEP IOCOMBINED          : DEBUG           ->        Output         : Class: OutStreams Type: Print  Global name: Speed_meta
(    2.07 sec) STEP IOCOMBINED          : DEBUG           ->        Current Setting:
(    2.07 sec) SIMULATION               : DEBUG           -> -- Reading the block: DataObjects    --
(    2.07 sec) SIMULATION               : DEBUG           -> Reading type DataSet with name arma_samples
(    2.07 sec) DataSet                  : DEBUG           -> Replaced text in <Input> with variable group "GRO_armasamples_in"
(    2.07 sec) DataSet                  : DEBUG           -> Replaced text in <Output> with variable group "GRO_armasamples_out"
(    2.07 sec) DataSet                  : DEBUG           -> Replaced text in <Index> with variable group "GRO_armasamples_out_Time"
(    2.07 sec) DataSet                  : DEBUG           -> Replaced text in <Index> with variable group "GRO_armasamples_out_Time"
(    2.07 sec) DataSet                  : DEBUG           -> Replaced text in <Index> with variable group "GRO_armasamples_out_Time"
(    2.07 sec) DataSet                  : DEBUG           -> ------Reading Completed for:
(    2.07 sec) DataSet                  : DEBUG           ->        Class          : DataSet         from <class 'DataObjects.DataObject.DataObject'>
(    2.07 sec) DataSet                  : DEBUG           ->        Type           : DataSet
(    2.07 sec) DataSet                  : DEBUG           ->        Name           : arma_samples
(    2.07 sec) DataSet                  : DEBUG           ->        Initialization Parameters:
(    2.07 sec) DataSet                  : DEBUG           ->        Current Setting:
(    2.07 sec) SIMULATION               : DEBUG           -> Reading type PointSet with name arma_metrics
InputData: Using param spec "DataSet" to read XML node "PointSet.
(    2.07 sec) PointSet                 : DEBUG           -> ------Reading Completed for:
(    2.07 sec) PointSet                 : DEBUG           ->        Class          : PointSet        from <class 'DataObjects.DataSet.DataSet'>
(    2.07 sec) PointSet                 : DEBUG           ->        Type           : PointSet
(    2.07 sec) PointSet                 : DEBUG           ->        Name           : arma_metrics
(    2.07 sec) PointSet                 : DEBUG           ->        Initialization Parameters:
(    2.07 sec) PointSet                 : DEBUG           ->        Current Setting:
(    2.07 sec) SIMULATION               : DEBUG           -> Reading type PointSet with name metrics_avg
(    2.07 sec) PointSet                 : DEBUG           -> Replaced text in <Output> with variable group "GRO_final_return"
InputData: Using param spec "DataSet" to read XML node "PointSet.
(    2.07 sec) PointSet                 : DEBUG           -> ------Reading Completed for:
(    2.07 sec) PointSet                 : DEBUG           ->        Class          : PointSet        from <class 'DataObjects.DataSet.DataSet'>
(    2.07 sec) PointSet                 : DEBUG           ->        Type           : PointSet
(    2.07 sec) PointSet                 : DEBUG           ->        Name           : metrics_avg
(    2.07 sec) PointSet                 : DEBUG           ->        Initialization Parameters:
(    2.07 sec) PointSet                 : DEBUG           ->        Current Setting:
(    2.07 sec) SIMULATION               : DEBUG           -> Reading type DataSet with name disp_avg
(    2.07 sec) DataSet                  : DEBUG           -> Replaced text in <Output> with variable group "GRO_means"
(    2.07 sec) DataSet                  : DEBUG           -> Replaced text in <Index> with variable group "GRO_means"
(    2.07 sec) DataSet                  : DEBUG           -> Replaced text in <Index> with variable group "GRO_means"
(    2.07 sec) DataSet                  : DEBUG           -> ------Reading Completed for:
(    2.07 sec) DataSet                  : DEBUG           ->        Class          : DataSet         from <class 'DataObjects.DataObject.DataObject'>
(    2.07 sec) DataSet                  : DEBUG           ->        Type           : DataSet
(    2.07 sec) DataSet                  : DEBUG           ->        Name           : disp_avg
(    2.07 sec) DataSet                  : DEBUG           ->        Initialization Parameters:
(    2.07 sec) DataSet                  : DEBUG           ->        Current Setting:
(    2.07 sec) SIMULATION               : DEBUG           -> Reading type DataSet with name dispatch_eval
(    2.07 sec) DataSet                  : DEBUG           -> Replaced text in <Input> with variable group "GRO_dispatch_in"
(    2.07 sec) DataSet                  : DEBUG           -> Replaced text in <Output> with variable group "GRO_dispatch_out"
(    2.07 sec) DataSet                  : DEBUG           -> Replaced text in <Index> with variable group "GRO_dispatch_in_Time"
(    2.07 sec) DataSet                  : DEBUG           -> Replaced text in <Index> with variable group "GRO_dispatch_out_Time"
(    2.07 sec) DataSet                  : DEBUG           -> Replaced text in <Index> with variable group "GRO_dispatch_in_Time"
(    2.07 sec) DataSet                  : DEBUG           -> Replaced text in <Index> with variable group "GRO_dispatch_out_Time"
(    2.07 sec) DataSet                  : DEBUG           -> Replaced text in <Index> with variable group "GRO_dispatch_out_Time"
(    2.07 sec) DataSet                  : DEBUG           -> ------Reading Completed for:
(    2.07 sec) DataSet                  : DEBUG           ->        Class          : DataSet         from <class 'DataObjects.DataObject.DataObject'>
(    2.07 sec) DataSet                  : DEBUG           ->        Type           : DataSet
(    2.07 sec) DataSet                  : DEBUG           ->        Name           : dispatch_eval
(    2.07 sec) DataSet                  : DEBUG           ->        Initialization Parameters:
(    2.07 sec) DataSet                  : DEBUG           ->        Current Setting:
(    2.07 sec) SIMULATION               : DEBUG           -> Reading type PointSet with name dispatch_placeholder
(    2.07 sec) PointSet                 : DEBUG           -> Replaced text in <Input> with variable group "GRO_dispatch_in_scalar"
InputData: Using param spec "DataSet" to read XML node "PointSet.
(    2.07 sec) PointSet                 : DEBUG           -> ------Reading Completed for:
(    2.07 sec) PointSet                 : DEBUG           ->        Class          : PointSet        from <class 'DataObjects.DataSet.DataSet'>
(    2.07 sec) PointSet                 : DEBUG           ->        Type           : PointSet
(    2.07 sec) PointSet                 : DEBUG           ->        Name           : dispatch_placeholder
(    2.07 sec) PointSet                 : DEBUG           ->        Initialization Parameters:
(    2.07 sec) PointSet                 : DEBUG           ->        Current Setting:
(    2.07 sec) SIMULATION               : DEBUG           -> Reading type DataSet with name Speed_meta
(    2.07 sec) DataSet                  : DEBUG           -> ------Reading Completed for:
(    2.07 sec) DataSet                  : DEBUG           ->        Class          : DataSet         from <class 'DataObjects.DataObject.DataObject'>
(    2.07 sec) DataSet                  : DEBUG           ->        Type           : DataSet
(    2.07 sec) DataSet                  : DEBUG           ->        Name           : Speed_meta
(    2.07 sec) DataSet                  : DEBUG           ->        Initialization Parameters:
(    2.07 sec) DataSet                  : DEBUG           ->        Current Setting:
(    2.07 sec) SIMULATION               : DEBUG           -> Reading type PointSet with name Speed_placeholder
InputData: Using param spec "DataSet" to read XML node "PointSet.
(    2.08 sec) PointSet                 : DEBUG           -> ------Reading Completed for:
(    2.08 sec) PointSet                 : DEBUG           ->        Class          : PointSet        from <class 'DataObjects.DataSet.DataSet'>
(    2.08 sec) PointSet                 : DEBUG           ->        Type           : PointSet
(    2.08 sec) PointSet                 : DEBUG           ->        Name           : Speed_placeholder
(    2.08 sec) PointSet                 : DEBUG           ->        Initialization Parameters:
(    2.08 sec) PointSet                 : DEBUG           ->        Current Setting:
(    2.08 sec) SIMULATION               : DEBUG           -> Reading type DataSet with name Speed_samples
(    2.08 sec) DataSet                  : DEBUG           -> ------Reading Completed for:
(    2.08 sec) DataSet                  : DEBUG           ->        Class          : DataSet         from <class 'DataObjects.DataObject.DataObject'>
(    2.08 sec) DataSet                  : DEBUG           ->        Type           : DataSet
(    2.08 sec) DataSet                  : DEBUG           ->        Name           : Speed_samples
(    2.08 sec) DataSet                  : DEBUG           ->        Initialization Parameters:
(    2.08 sec) DataSet                  : DEBUG           ->        Current Setting:
(    2.08 sec) SIMULATION               : DEBUG           -> -- Reading the block: Models         --
(    2.08 sec) SIMULATION               : DEBUG           -> Reading type ExternalModel with name dispatch
(    2.08 sec) EXTERNAL MODEL           : DEBUG           -> Replaced text in <variables> with variable group "GRO_dispatch"
(    2.08 sec) EXTERNAL MODEL           : DEBUG           -> Replaced text in <variables> with variable group "GRO_armasamples"
(            ) UTILS                    : Message         -> importing module /Users/talbpw/projects/heron/src/dispatch
(    2.10 sec) ExternalModel            : DEBUG           -> ------Reading Completed for:
(    2.10 sec) ExternalModel            : DEBUG           ->        Class          : ExternalModel   from <class 'Models.Dummy.Dummy'>
(    2.10 sec) ExternalModel            : DEBUG           ->        Type           : ExternalModel
(    2.10 sec) ExternalModel            : DEBUG           ->        Name           : dispatch
(    2.10 sec) ExternalModel            : DEBUG           ->        Initialization Parameters:
(    2.10 sec) ExternalModel            : DEBUG           ->        subType        : 
(    2.10 sec) ExternalModel            : DEBUG           ->        Current Setting:
(    2.10 sec) SIMULATION               : DEBUG           -> Reading type EnsembleModel with name sample_and_dispatch
(    2.10 sec) EnsembleModel            : DEBUG           -> ------Reading Completed for:
(    2.10 sec) EnsembleModel            : DEBUG           ->        Class          : EnsembleModel   from <class 'Models.Dummy.Dummy'>
(    2.10 sec) EnsembleModel            : DEBUG           ->        Type           : EnsembleModel
(    2.10 sec) EnsembleModel            : DEBUG           ->        Name           : sample_and_dispatch
(    2.10 sec) EnsembleModel            : DEBUG           ->        Initialization Parameters:
(    2.10 sec) EnsembleModel            : DEBUG           ->        Models contained in EnsembleModel are : dict_keys(['dispatch', 'Speed'])
(    2.10 sec) EnsembleModel            : DEBUG           ->        Model dispatch TargetEvaluation is : None
(    2.10 sec) EnsembleModel            : DEBUG           ->        Model dispatch Inputs are : []
(    2.10 sec) EnsembleModel            : DEBUG           ->        Model Speed TargetEvaluation is : None
(    2.10 sec) EnsembleModel            : DEBUG           ->        Model Speed Inputs are : []
(    2.10 sec) EnsembleModel            : DEBUG           ->        Current Setting:
(    2.10 sec) EnsembleModel            : DEBUG           ->        Models contained in EnsembleModel are : dict_keys(['dispatch', 'Speed'])
(    2.10 sec) EnsembleModel            : DEBUG           ->        Model dispatch TargetEvaluation is : None
(    2.10 sec) EnsembleModel            : DEBUG           ->        Model dispatch Inputs are : []
(    2.10 sec) EnsembleModel            : DEBUG           ->        Model Speed TargetEvaluation is : None
(    2.10 sec) EnsembleModel            : DEBUG           ->        Model Speed Inputs are : []
(    2.10 sec) SIMULATION               : DEBUG           -> Reading type PostProcessor with name average
(    2.10 sec) PostProcessor            : DEBUG           -> ------Reading Completed for:
(    2.10 sec) PostProcessor            : DEBUG           ->        Class          : PostProcessor   from <class 'Models.Model.Model'>
(    2.10 sec) PostProcessor            : DEBUG           ->        Type           : PostProcessor
(    2.10 sec) PostProcessor            : DEBUG           ->        Name           : average
(    2.10 sec) PostProcessor            : DEBUG           ->        Initialization Parameters:
(    2.10 sec) PostProcessor            : DEBUG           ->        subType        : BasicStatistics
(    2.10 sec) PostProcessor            : DEBUG           ->        Current Setting:
(    2.10 sec) SIMULATION               : DEBUG           -> Reading type ROM with name Speed
(    2.11 sec) ROM                      : DEBUG           -> ------Reading Completed for:
(    2.11 sec) ROM                      : DEBUG           ->        Class          : ROM             from <class 'Models.Dummy.Dummy'>
(    2.11 sec) ROM                      : DEBUG           ->        Type           : ROM
(    2.11 sec) ROM                      : DEBUG           ->        Name           : Speed
(    2.11 sec) ROM                      : DEBUG           ->        Initialization Parameters:
(    2.11 sec) ROM                      : DEBUG           ->        returnType     : 
(    2.11 sec) ROM                      : DEBUG           ->        qualityEstType : []
(    2.11 sec) ROM                      : DEBUG           ->        Features       : ['PlaceHolder']
(    2.11 sec) ROM                      : DEBUG           ->        Target         : PlaceHolder
(    2.11 sec) ROM                      : DEBUG           ->        Current Setting:
(    2.11 sec) SIMULATION               : DEBUG           -> -- Reading the block: Files          --
(    2.11 sec) SIMULATION               : DEBUG           -> Reading type Input with name libs
(    2.11 sec) UserGenerated File       : DEBUG           -> ------Reading Completed for:
(    2.11 sec) UserGenerated File       : DEBUG           ->        Class          : UserGenerated   from <class 'Files.File'>
(    2.11 sec) UserGenerated File       : DEBUG           ->        Type           : UserGenerated
(    2.11 sec) UserGenerated File       : DEBUG           ->        Name           : libs
(    2.11 sec) UserGenerated File       : DEBUG           ->        Initialization Parameters:
(    2.11 sec) UserGenerated File       : DEBUG           ->        Current Setting:
(    2.11 sec) SIMULATION               : DEBUG           -> Reading type Input with name /ARMA/interpolated.pk
(    2.11 sec) UserGenerated File       : DEBUG           -> ------Reading Completed for:
(    2.11 sec) UserGenerated File       : DEBUG           ->        Class          : UserGenerated   from <class 'Files.File'>
(    2.11 sec) UserGenerated File       : DEBUG           ->        Type           : UserGenerated
(    2.11 sec) UserGenerated File       : DEBUG           ->        Name           : /ARMA/interpolated.pk
(    2.11 sec) UserGenerated File       : DEBUG           ->        Initialization Parameters:
(    2.11 sec) UserGenerated File       : DEBUG           ->        Current Setting:
(    2.11 sec) SIMULATION               : DEBUG           -> -- Reading the block: Samplers       --
(    2.11 sec) SIMULATION               : DEBUG           -> Reading type MonteCarlo with name mc_arma_dispatch
(    2.11 sec) MonteCarlo               : DEBUG           -> ------Reading Completed for:
(    2.11 sec) MonteCarlo               : DEBUG           ->        Class          : MonteCarlo      from <class 'Samplers.ForwardSampler.ForwardSampler'>
(    2.11 sec) MonteCarlo               : DEBUG           ->        Type           : MonteCarlo
(    2.11 sec) MonteCarlo               : DEBUG           ->        Name           : mc_arma_dispatch
(    2.11 sec) MonteCarlo               : DEBUG           ->        Initialization Parameters:
(    2.11 sec) MonteCarlo               : DEBUG           ->        limit          : 2
(    2.11 sec) MonteCarlo               : DEBUG           ->        initial seed   : 42
(    2.11 sec) MonteCarlo               : DEBUG           ->        Current Setting:
(    2.11 sec) MonteCarlo               : DEBUG           ->        counter        : 0
(    2.11 sec) MonteCarlo               : DEBUG           ->        initial seed   : 42
(    2.11 sec) MonteCarlo               : DEBUG           ->        SampledVarsPb  : {}
(    2.11 sec) MonteCarlo               : DEBUG           ->        crowDist       : {}
(    2.11 sec) SIMULATION               : DEBUG           -> -- Reading the block: OutStreams     --
(    2.11 sec) SIMULATION               : DEBUG           -> Reading type Print with name disp_debug
(    2.11 sec) OUTSTREAM MANAGER        : DEBUG           -> ------Reading Completed for:
(    2.11 sec) OUTSTREAM MANAGER        : DEBUG           ->        Class          : OutStreamPrint  from <class 'OutStreams.OutStreamManager.OutStreamManager'>
(    2.11 sec) OUTSTREAM MANAGER        : DEBUG           ->        Type           : OutStreamPrint
(    2.11 sec) OUTSTREAM MANAGER        : DEBUG           ->        Name           : disp_debug
(    2.11 sec) OUTSTREAM MANAGER        : DEBUG           ->        Initialization Parameters:
(    2.11 sec) OUTSTREAM MANAGER        : DEBUG           ->        Global Class Type                 : OutStreamManager
(    2.11 sec) OUTSTREAM MANAGER        : DEBUG           ->        Specialized Class Type            : OutStreamPrint
(    2.11 sec) OUTSTREAM MANAGER        : DEBUG           ->        Overwrite output everytime called : True
(    2.11 sec) OUTSTREAM MANAGER        : DEBUG           ->        Source Name 0 :: arma_samples
(    2.11 sec) OUTSTREAM MANAGER        : DEBUG           ->        Current Setting:
(    2.11 sec) SIMULATION               : DEBUG           -> Reading type Print with name disp_results
(    2.11 sec) OUTSTREAM MANAGER        : DEBUG           -> ------Reading Completed for:
(    2.11 sec) OUTSTREAM MANAGER        : DEBUG           ->        Class          : OutStreamPrint  from <class 'OutStreams.OutStreamManager.OutStreamManager'>
(    2.11 sec) OUTSTREAM MANAGER        : DEBUG           ->        Type           : OutStreamPrint
(    2.11 sec) OUTSTREAM MANAGER        : DEBUG           ->        Name           : disp_results
(    2.11 sec) OUTSTREAM MANAGER        : DEBUG           ->        Initialization Parameters:
(    2.11 sec) OUTSTREAM MANAGER        : DEBUG           ->        Global Class Type                 : OutStreamManager
(    2.11 sec) OUTSTREAM MANAGER        : DEBUG           ->        Specialized Class Type            : OutStreamPrint
(    2.11 sec) OUTSTREAM MANAGER        : DEBUG           ->        Overwrite output everytime called : True
(    2.11 sec) OUTSTREAM MANAGER        : DEBUG           ->        Source Name 0 :: metrics_avg
(    2.11 sec) OUTSTREAM MANAGER        : DEBUG           ->        Current Setting:
(    2.11 sec) SIMULATION               : DEBUG           -> Reading type Print with name Speed_meta
(    2.11 sec) OUTSTREAM MANAGER        : DEBUG           -> ------Reading Completed for:
(    2.11 sec) OUTSTREAM MANAGER        : DEBUG           ->        Class          : OutStreamPrint  from <class 'OutStreams.OutStreamManager.OutStreamManager'>
(    2.11 sec) OUTSTREAM MANAGER        : DEBUG           ->        Type           : OutStreamPrint
(    2.11 sec) OUTSTREAM MANAGER        : DEBUG           ->        Name           : Speed_meta
(    2.11 sec) OUTSTREAM MANAGER        : DEBUG           ->        Initialization Parameters:
(    2.11 sec) OUTSTREAM MANAGER        : DEBUG           ->        Global Class Type                 : OutStreamManager
(    2.11 sec) OUTSTREAM MANAGER        : DEBUG           ->        Specialized Class Type            : OutStreamPrint
(    2.11 sec) OUTSTREAM MANAGER        : DEBUG           ->        Overwrite output everytime called : True
(    2.11 sec) OUTSTREAM MANAGER        : DEBUG           ->        Source Name 0 :: Speed_meta
(    2.11 sec) OUTSTREAM MANAGER        : DEBUG           ->        Current Setting:
(    2.11 sec) SIMULATION               : DEBUG           -> Moving to working directory: /Users/talbpw/projects/heron/tests/integration_tests/var_demand_fix_price/Sweep_Runs_o/sweep/1/Sweep_Runs_i
(    2.12 sec) Job Handler              : DEBUG           -> Setting maxQueueSize to 1
(    2.12 sec) SIMULATION               : DEBUG           -> entering the run
(    2.12 sec) SIMULATION               : Message         -> -- Beginning step read_Speed of type: IOStep                        --
(    2.12 sec) STEP IOCOMBINED          : Message         -> ***  Beginning initialization ***
(    2.12 sec) STEP IOCOMBINED          : DEBUG           -> jobHandler initialized
(    2.12 sec) STEP IOCOMBINED          : Message         -> ***    Initialization done    ***
(    2.12 sec) STEP IOCOMBINED          : Message         -> ***       Beginning run       ***
(    2.62 sec) STEP IOCOMBINED          : Message         -> ***       Run finished        ***
(    2.62 sec) STEP IOCOMBINED          : Message         -> ***     Closing the step      ***
(    2.62 sec) STEP IOCOMBINED          : Message         -> ***        Step closed        ***
(    2.62 sec) SIMULATION               : Message         -> -- End step read_Speed of type: IOStep                         --

(    2.62 sec) SIMULATION               : Message         -> -- Beginning step print_meta_Speed of type: IOStep                  --
(    2.62 sec) STEP IOCOMBINED          : Message         -> ***  Beginning initialization ***
(    2.62 sec) STEP IOCOMBINED          : DEBUG           -> jobHandler initialized
(    2.62 sec) STEP IOCOMBINED          : DEBUG           -> for the role Output the item of class OutStreamPrint  and name Speed_meta      has been initialized
(    2.62 sec) STEP IOCOMBINED          : Message         -> ***    Initialization done    ***
(    2.62 sec) STEP IOCOMBINED          : Message         -> ***       Beginning run       ***
(    2.63 sec) STEP IOCOMBINED          : DEBUG           -> Adding meta "Speed" to output "Speed_meta"
(    2.63 sec) DataSet                  : Warning         -> Nothing to write to CSV! Checking metadata ...
(    2.63 sec) DataSet                  : DEBUG           -> Printing metadata XML: "Speed_meta.xml"
(    2.63 sec) STEP IOCOMBINED          : Message         -> ***       Run finished        ***
(    2.63 sec) STEP IOCOMBINED          : Message         -> ***     Closing the step      ***
(    2.63 sec) STEP IOCOMBINED          : Message         -> ***        Step closed        ***
(    2.63 sec) SIMULATION               : Message         -> -- End step print_meta_Speed of type: IOStep                   --

(    2.63 sec) SIMULATION               : Message         -> -- Beginning step arma_sampling of type: MultiRun                   --
(    2.63 sec) STEP MULTIRUN            : Message         -> ***  Beginning initialization ***
(    2.63 sec) STEP MULTIRUN            : DEBUG           -> jobHandler initialized
(    2.63 sec) EnsembleModel            : Message         -> Model Execution list: Speed -> dispatch
(    2.63 sec) EnsembleModel            : Message         -> EnsembleModel connections determined a linear system. Picard's iterations not activated!
(    2.63 sec) EnsembleModel            : DEBUG           -> Specs of Graph Network represented by EnsembleModel:
(    2.63 sec) EnsembleModel            : DEBUG           -> Graph Degree Sequence is    : (1, 0)
(    2.63 sec) EnsembleModel            : DEBUG           -> Graph Minimum/Maximum degree: (0, 1)
(    2.63 sec) EnsembleModel            : DEBUG           -> Graph density/diameter      : (1.0, 2)
(    2.63 sec) STEP MULTIRUN            : DEBUG           -> for the role Model  the item of class EnsembleModel   and name sample_and_dispatch has been initialized
(    2.63 sec) STEP MULTIRUN            : DEBUG           -> for the role Output the item of class DataSet         and name arma_samples    has been initialized
(    2.63 sec) STEP MULTIRUN            : DEBUG           -> for the role Output the item of class PointSet        and name arma_metrics    has been initialized
(    2.63 sec) MonteCarlo               : Message         -> No restart for MonteCarlo
(    2.63 sec) STEP MULTIRUN            : DEBUG           -> for the role of sampler the item of class MonteCarlo and name mc_arma_dispatch has been initialized
(    2.63 sec) STEP MULTIRUN            : DEBUG           -> Sampler initialization dictionary: {'externalSeeding': None}
(    2.63 sec) STEP MULTIRUN            : DEBUG           -> Generating input batch of size 1
(    2.63 sec) MonteCarlo               : DEBUG           ->  ... Sample point 1: {'scaling': 1.0, 'BOP_capacity': 1095.0, 'Electric_Grid_capacity': 1e+200, 'denoises': 2}
(    2.63 sec) STEP MULTIRUN            : DEBUG           -> Submitted input 1
(    2.63 sec) STEP MULTIRUN            : Message         -> ***    Initialization done    ***
(    2.64 sec) EnsembleModel            : DEBUG           -> Submitting model Speed
(    2.64 sec) STEP MULTIRUN            : Message         -> ***       Beginning run       ***
(    2.64 sec) Interp. Cluster ROM      : DEBUG           -> Evaluating interpolated ROM ...
(    2.64 sec) Interp. Cluster ROM      : DEBUG           ->  ... evaluating macro step "1" of "3"
(    2.64 sec) Job Handler              : Message         ->  Process Failed <Runners.SharedMemoryRunner.SharedMemoryRunner object at 0x1c2b772b50> internal returnCode -1
(    2.64 sec) EnsembleModel            : ERROR           -> The Model  Speed identified by Speed++1 failed!
--------------------------------------------------
There were 1 warnings during the simulation run:
(1 time) Nothing to write to CSV! Checking metadata ...
--------------------------------------------------
(    2.65 sec) Job Handler              : Message         ->  Process Failed <Runners.SharedMemoryRunner.SharedMemoryRunner object at 0x1c2b742ad0> internal returnCode -1
(    2.65 sec) STEP MULTIRUN            : DEBUG           -> the job "1" has failed.
(    2.65 sec) STEP MULTIRUN            : DEBUG           -> Testing if the sampler is ready to generate a new input
(    2.65 sec) MonteCarlo               : DEBUG           -> Sampling limit reached!
(    2.65 sec) MonteCarlo               : DEBUG           ->  ... Sample point 2: {'scaling': 1.0, 'BOP_capacity': 1095.0, 'Electric_Grid_capacity': 1e+200, 'denoises': 2}
(    2.65 sec) EnsembleModel            : DEBUG           -> Submitting model Speed
(    2.65 sec) Interp. Cluster ROM      : DEBUG           -> Evaluating interpolated ROM ...
(    2.65 sec) Interp. Cluster ROM      : DEBUG           ->  ... evaluating macro step "1" of "3"
(    2.65 sec) Job Handler              : Message         ->  Process Failed <Runners.SharedMemoryRunner.SharedMemoryRunner object at 0x1c249b3a90> internal returnCode -1
(    2.65 sec) EnsembleModel            : ERROR           -> The Model  Speed identified by Speed++2 failed!
--------------------------------------------------
There were 1 warnings during the simulation run:
(1 time) Nothing to write to CSV! Checking metadata ...
--------------------------------------------------
(    2.65 sec) Job Handler              : Message         ->  Process Failed <Runners.SharedMemoryRunner.SharedMemoryRunner object at 0x1c2b4c2110> internal returnCode -1
(    2.65 sec) STEP MULTIRUN            : DEBUG           -> the job "2" has failed.
(    2.65 sec) STEP MULTIRUN            : DEBUG           -> Testing if the sampler is ready to generate a new input
(    2.65 sec) MonteCarlo               : DEBUG           -> Sampling limit reached! No new samples ...
(    2.65 sec) STEP MULTIRUN            : DEBUG           ->  ... sampler has no new inputs currently.
(    2.65 sec) MonteCarlo               : DEBUG           -> Sampling limit reached! No new samples ...
(    2.65 sec) STEP MULTIRUN            : DEBUG           -> Sampling finished with 4 runs submitted, 0 jobs running, and 0 completed jobs waiting to be processed.
(    2.65 sec) MonteCarlo               : DEBUG           -> ===============
(    2.65 sec) MonteCarlo               : DEBUG           -> | RUN SUMMARY |
(    2.65 sec) MonteCarlo               : DEBUG           -> ===============
(    2.65 sec) MonteCarlo               : Warning         -> There were 2 failed runs!  Run with verbosity = debug for more details.
(    2.65 sec) MonteCarlo               : DEBUG           ->   Run number 1 FAILED:
(    2.65 sec) MonteCarlo               : DEBUG           ->       return code : -1
(    2.65 sec) MonteCarlo               : DEBUG           ->   Run number 2 FAILED:
(    2.65 sec) MonteCarlo               : DEBUG           ->       return code : -1
(    2.65 sec) MonteCarlo               : DEBUG           ->   Continuing with reduced-size Monte-Carlo sampling.
(    2.65 sec) MonteCarlo               : DEBUG           -> ===============
(    2.65 sec) MonteCarlo               : DEBUG           ->   END SUMMARY  
(    2.65 sec) MonteCarlo               : DEBUG           -> ===============
(    2.65 sec) STEP MULTIRUN            : Message         -> ***       Run finished        ***
(    2.65 sec) STEP MULTIRUN            : Message         -> ***     Closing the step      ***
(    2.65 sec) STEP MULTIRUN            : Message         -> ***        Step closed        ***
(    2.65 sec) SIMULATION               : Message         -> -- End step arma_sampling of type: MultiRun                    --

(    2.65 sec) SIMULATION               : Message         -> -- Beginning step summarize of type: PostProcess                    --
(    2.65 sec) STEP SINGLERUN           : Message         -> ***  Beginning initialization ***
(    2.65 sec) STEP SINGLERUN           : DEBUG           -> jobHandler initialized
(    2.65 sec) STEP SINGLERUN           : DEBUG           -> for the role Model  the item of class PostProcessor   and name average         has been initialized
(    2.65 sec) STEP SINGLERUN           : DEBUG           -> for the role Output the item of class PointSet        and name metrics_avg     has been initialized
(    2.65 sec) STEP SINGLERUN           : DEBUG           -> for the role Output the item of class OutStreamPrint  and name disp_results    has been initialized
(    2.65 sec) STEP SINGLERUN           : Message         -> ***    Initialization done    ***
(    2.65 sec) STEP SINGLERUN           : Message         -> ***       Beginning run       ***
(    2.65 sec) PostProcessor            : ERROR           -> In post-processor average the input arma_metrics is empty.
/Users/talbpw/anaconda3/envs/raven_libraries/lib/python3.7/site-packages/patsy/constraint.py:13: DeprecationWarning: Using or importing the ABCs from 'collections' instead of from 'collections.abc' is deprecated since Python 3.3,and in 3.9 it will stop working
  from collections import Mapping
/Users/talbpw/anaconda3/envs/raven_libraries/lib/python3.7/site-packages/statsmodels/base/wrapper.py:100: DeprecationWarning: `formatargspec` is deprecated since Python 3.5. Use `signature` and the `Signature` object directly
  defaults=argspec[3])
Exception in thread Speed++1:
Traceback (most recent call last):
  File "/Users/talbpw/anaconda3/envs/raven_libraries/lib/python3.7/threading.py", line 926, in _bootstrap_inner
    self.run()
  File "/Users/talbpw/anaconda3/envs/raven_libraries/lib/python3.7/threading.py", line 870, in run
    self._target(*self._args, **self._kwargs)
  File "/Users/talbpw/projects/raven/framework/Runners/SharedMemoryRunner.py", line 134, in <lambda>
    self.thread = InterruptibleThread(target = lambda q, *arg : q.append(self.functionToRun(*arg)),
  File "/Users/talbpw/projects/raven/framework/Models/ROM.py", line 1463, in evaluateSample
    result = self._externalRun(inRun)
  File "/Users/talbpw/projects/raven/framework/Models/ROM.py", line 1441, in _externalRun
    returnDict = self.evaluate(inRun)
  File "/Users/talbpw/projects/raven/framework/Models/ROM.py", line 1429, in evaluate
    outputEvaluation = self.supervisedEngine.evaluate(inputToROM)
  File "/Users/talbpw/projects/raven/framework/LearningGate.py", line 274, in evaluate
    sliceEvaluation = rom.evaluate(request)
  File "/Users/talbpw/projects/raven/framework/SupervisedLearning/ROMCollection.py", line 1462, in evaluate
    subResult = model.evaluate(edict) # TODO same input for all macro steps? True for ARMA at least...
  File "/Users/talbpw/projects/raven/framework/SupervisedLearning/ROMCollection.py", line 703, in evaluate
    result, weights = self._createTruncatedEvaluation(edict)
  File "/Users/talbpw/projects/raven/framework/SupervisedLearning/ROMCollection.py", line 881, in _createTruncatedEvaluation
    result, indexMap, sampleWeights, pivotLen = self._collectClusteredEvaluations(evaluationDict, pivotID)
  File "/Users/talbpw/projects/raven/framework/SupervisedLearning/ROMCollection.py", line 841, in _collectClusteredEvaluations
    chooseRomMode = 'first' if self._evaluationChoice is None else self._evaluationChoice
AttributeError: 'Clusters' object has no attribute '_evaluationChoice'

Exception in thread 1:
Traceback (most recent call last):
  File "/Users/talbpw/anaconda3/envs/raven_libraries/lib/python3.7/threading.py", line 926, in _bootstrap_inner
    self.run()
  File "/Users/talbpw/anaconda3/envs/raven_libraries/lib/python3.7/threading.py", line 870, in run
    self._target(*self._args, **self._kwargs)
  File "/Users/talbpw/projects/raven/framework/Runners/SharedMemoryRunner.py", line 134, in <lambda>
    self.thread = InterruptibleThread(target = lambda q, *arg : q.append(self.functionToRun(*arg)),
  File "/Users/talbpw/projects/raven/framework/Models/EnsembleModel.py", line 495, in evaluateSample
    returnValue = (Input,self._externalRun(Input,jobHandler))
  File "/Users/talbpw/projects/raven/framework/Models/EnsembleModel.py", line 660, in _externalRun
    self.raiseAnError(RuntimeError,"The Model  " + modelIn + " identified by " + finishedRun[0].identifier +" failed!")
  File "/Users/talbpw/projects/raven/framework/MessageHandler.py", line 98, in raiseAnError
    self.messageHandler.error(self,etype,msg,str(tag),verbosity,color)
  File "/Users/talbpw/projects/raven/framework/MessageHandler.py", line 312, in error
    raise etype(message)
RuntimeError: The Model  Speed identified by Speed++1 failed!

Exception in thread Speed++2:
Traceback (most recent call last):
  File "/Users/talbpw/anaconda3/envs/raven_libraries/lib/python3.7/threading.py", line 926, in _bootstrap_inner
    self.run()
  File "/Users/talbpw/anaconda3/envs/raven_libraries/lib/python3.7/threading.py", line 870, in run
    self._target(*self._args, **self._kwargs)
  File "/Users/talbpw/projects/raven/framework/Runners/SharedMemoryRunner.py", line 134, in <lambda>
    self.thread = InterruptibleThread(target = lambda q, *arg : q.append(self.functionToRun(*arg)),
  File "/Users/talbpw/projects/raven/framework/Models/ROM.py", line 1463, in evaluateSample
    result = self._externalRun(inRun)
  File "/Users/talbpw/projects/raven/framework/Models/ROM.py", line 1441, in _externalRun
    returnDict = self.evaluate(inRun)
  File "/Users/talbpw/projects/raven/framework/Models/ROM.py", line 1429, in evaluate
    outputEvaluation = self.supervisedEngine.evaluate(inputToROM)
  File "/Users/talbpw/projects/raven/framework/LearningGate.py", line 274, in evaluate
    sliceEvaluation = rom.evaluate(request)
  File "/Users/talbpw/projects/raven/framework/SupervisedLearning/ROMCollection.py", line 1462, in evaluate
    subResult = model.evaluate(edict) # TODO same input for all macro steps? True for ARMA at least...
  File "/Users/talbpw/projects/raven/framework/SupervisedLearning/ROMCollection.py", line 703, in evaluate
    result, weights = self._createTruncatedEvaluation(edict)
  File "/Users/talbpw/projects/raven/framework/SupervisedLearning/ROMCollection.py", line 881, in _createTruncatedEvaluation
    result, indexMap, sampleWeights, pivotLen = self._collectClusteredEvaluations(evaluationDict, pivotID)
  File "/Users/talbpw/projects/raven/framework/SupervisedLearning/ROMCollection.py", line 841, in _collectClusteredEvaluations
    chooseRomMode = 'first' if self._evaluationChoice is None else self._evaluationChoice
AttributeError: 'Clusters' object has no attribute '_evaluationChoice'

Exception in thread 2:
Traceback (most recent call last):
  File "/Users/talbpw/anaconda3/envs/raven_libraries/lib/python3.7/threading.py", line 926, in _bootstrap_inner
    self.run()
  File "/Users/talbpw/anaconda3/envs/raven_libraries/lib/python3.7/threading.py", line 870, in run
    self._target(*self._args, **self._kwargs)
  File "/Users/talbpw/projects/raven/framework/Runners/SharedMemoryRunner.py", line 134, in <lambda>
    self.thread = InterruptibleThread(target = lambda q, *arg : q.append(self.functionToRun(*arg)),
  File "/Users/talbpw/projects/raven/framework/Models/EnsembleModel.py", line 495, in evaluateSample
    returnValue = (Input,self._externalRun(Input,jobHandler))
  File "/Users/talbpw/projects/raven/framework/Models/EnsembleModel.py", line 660, in _externalRun
    self.raiseAnError(RuntimeError,"The Model  " + modelIn + " identified by " + finishedRun[0].identifier +" failed!")
  File "/Users/talbpw/projects/raven/framework/MessageHandler.py", line 98, in raiseAnError
    self.messageHandler.error(self,etype,msg,str(tag),verbosity,color)
  File "/Users/talbpw/projects/raven/framework/MessageHandler.py", line 312, in error
    raise etype(message)
RuntimeError: The Model  Speed identified by Speed++2 failed!

Exception in thread generalOut:
Traceback (most recent call last):
  File "/Users/talbpw/anaconda3/envs/raven_libraries/lib/python3.7/threading.py", line 926, in _bootstrap_inner
    self.run()
  File "/Users/talbpw/anaconda3/envs/raven_libraries/lib/python3.7/threading.py", line 870, in run
    self._target(*self._args, **self._kwargs)
  File "/Users/talbpw/projects/raven/framework/Runners/SharedMemoryRunner.py", line 134, in <lambda>
    self.thread = InterruptibleThread(target = lambda q, *arg : q.append(self.functionToRun(*arg)),
  File "/Users/talbpw/projects/raven/framework/Models/PostProcessor.py", line 186, in evaluateSample
    returnValue = (Input, self.interface.run(Input))
  File "/Users/talbpw/projects/raven/framework/PostProcessors/BasicStatistics.py", line 1208, in run
    inputData = self.inputToInternal(inputIn)
  File "/Users/talbpw/projects/raven/framework/PostProcessors/BasicStatistics.py", line 153, in inputToInternal
    self.raiseAnError(IOError, "In post-processor " +self.name+" the input "+currentInput.name+" is empty.")
  File "/Users/talbpw/projects/raven/framework/MessageHandler.py", line 98, in raiseAnError
    self.messageHandler.error(self,etype,msg,str(tag),verbosity,color)
  File "/Users/talbpw/projects/raven/framework/MessageHandler.py", line 312, in error
    raise etype(message)
OSError: In post-processor average the input arma_metrics is empty.
--------------------------------------------------
There were 2 warnings during the simulation run:
(1 time) Nothing to write to CSV! Checking metadata ...
(1 time) There were 2 failed runs!  Run with verbosity = debug for more details.
--------------------------------------------------
(    2.66 sec) Job Handler              : Message         ->  Process Failed <Runners.SharedMemoryRunner.SharedMemoryRunner object at 0x1c2b1d5650> internal returnCode -1
(    2.66 sec) STEP SINGLERUN           : DEBUG           -> the job "generalOut" has failed.
(    2.66 sec) STEP SINGLERUN           : Warning         -> There were 1 failed runs!
(    2.66 sec) STEP SINGLERUN           : Message         -> ***       Run finished        ***
(    2.66 sec) STEP SINGLERUN           : Message         -> ***     Closing the step      ***
(    2.66 sec) STEP SINGLERUN           : Message         -> ***        Step closed        ***
(    2.66 sec) SIMULATION               : Message         -> -- End step summarize of type: PostProcess                     --

(    2.66 sec) SIMULATION               : Message         -> -- Beginning step debug_print of type: IOStep                       --
(    2.66 sec) STEP IOCOMBINED          : Message         -> ***  Beginning initialization ***
(    2.66 sec) STEP IOCOMBINED          : DEBUG           -> jobHandler initialized
(    2.66 sec) STEP IOCOMBINED          : DEBUG           -> for the role Output the item of class OutStreamPrint  and name disp_debug      has been initialized
(    2.66 sec) STEP IOCOMBINED          : Message         -> ***    Initialization done    ***
(    2.66 sec) STEP IOCOMBINED          : Message         -> ***       Beginning run       ***
(    2.66 sec) DataSet                  : Warning         -> Nothing to write to CSV! Checking metadata ...
(    2.66 sec) STEP IOCOMBINED          : Message         -> ***       Run finished        ***
(    2.66 sec) STEP IOCOMBINED          : Message         -> ***     Closing the step      ***
(    2.66 sec) STEP IOCOMBINED          : Message         -> ***        Step closed        ***
(    2.66 sec) SIMULATION               : Message         -> -- End step debug_print of type: IOStep                        --

--------------------------------------------------
There were 4 warnings during the simulation run:
(2 times) Nothing to write to CSV! Checking metadata ...
(1 time) There were 1 failed runs!
(1 time) There were 2 failed runs!  Run with verbosity = debug for more details.
--------------------------------------------------
(    2.66 sec) SIMULATION               : Message         -> Run complete!

